INFO:  ANSI Code Page: 1252
INFO:  latexindent.exe version 3.24.1, 2024-05-12, a script to indent .tex files
       latexindent.exe lives here: C:/texlive/2024/bin/windows/
       Fri Jun 28 10:49:57 2024
       Filename: h:/Documents/Richard/Papers/fast_mtnufft/manuscript/ieee_trans_signal_processing_v1/__latexindent_temp_fig_speed_analysis.tex
INFO:  Processing switches:
       -y|--yaml: YAML settings specified via command line
       -c|--cruft: cruft directory
INFO:  Directory for backup files and log file h:\Documents\Richard\ComputationalToolbox\neurophysiology_signals_analysis\chronux\fly_track\FAnalyze\documentation\TeXFiles\indent.log:
       h:\Documents\Richard\ComputationalToolbox\neurophysiology_signals_analysis\chronux\fly_track\FAnalyze\documentation\TeXFiles\
INFO:  YAML settings read: defaultSettings.yaml
       Reading defaultSettings.yaml from C:/texlive/2024/bin/windows/defaultSettings.yaml
       Reading defaultSettings.yaml (2nd attempt) from C:/texlive/2024/bin/windows/../../texmf-dist/scripts/latexindent/defaultSettings.yaml
       and then, if necessary, C:/texlive/2024/bin/windows/LatexIndent/defaultSettings.yaml
INFO:  YAML reading settings
       Home directory is C:\Users\m234724
       latexindent.pl didn't find indentconfig.yaml or .indentconfig.yaml
       see all possible locations: https://latexindentpl.readthedocs.io/en/latest/sec-appendices.html#indentconfig-options)
INFO:  YAML settings read: -y switch
       YAML setting: defaultIndent:'    '
       single-quoted string found in -y switch: '    ', substitute to     
       Updating mainSettings with defaultIndent:     
INFO:  Phase 1: searching for objects
INFO:  Phase 2: finding surrounding indentation
INFO:  Phase 3: indenting objects
INFO:  Phase 4: final indentation check
INFO:  Output routine:
       Not outputting to file; see -w and -o switches for more options.
       --------------
INFO:  Please direct all communication/issues to:
        https://github.com/cmhughes/latexindent.pl
